<?xml version="1.0" encoding="UTF-8"?>
<testsuite xmlns:xsi="http://www.w3.org/2001/XMLSchema-instance" xsi:noNamespaceSchemaLocation="https://maven.apache.org/surefire/maven-surefire-plugin/xsd/surefire-test-report.xsd" name="eu.ensup.gestionetablissement.dto.AppTest" time="0.068" tests="1" errors="0" skipped="0" failures="0">
  <properties>
    <property name="sun.desktop" value="windows"/>
    <property name="awt.toolkit" value="sun.awt.windows.WToolkit"/>
    <property name="java.specification.version" value="11"/>
    <property name="sun.cpu.isalist" value="amd64"/>
    <property name="sun.jnu.encoding" value="Cp1252"/>
    <property name="java.class.path" value="C:\Users\promo\Desktop\Java\GestionEtablissement\GestionEtablissement\GestionEtablissement-dto\target\test-classes;C:\Users\promo\Desktop\Java\GestionEtablissement\GestionEtablissement\GestionEtablissement-dto\target\classes;C:\Users\promo\.m2\repository\junit\junit\4.11\junit-4.11.jar;C:\Users\promo\.m2\repository\org\hamcrest\hamcrest-core\1.3\hamcrest-core-1.3.jar;C:\Users\promo\Desktop\Java\GestionEtablissement\GestionEtablissement\GestionEtablissement-business\target\GestionEtablissement-business-1.0.jar;C:\Users\promo\.m2\repository\log4j\log4j\1.2.17\log4j-1.2.17.jar;C:\Users\promo\.m2\repository\mysql\mysql-connector-java\8.0.22\mysql-connector-java-8.0.22.jar;C:\Users\promo\.m2\repository\com\google\protobuf\protobuf-java\3.11.4\protobuf-java-3.11.4.jar;C:\Users\promo\.m2\repository\org\jfree\jfreechart\1.5.2\jfreechart-1.5.2.jar;"/>
    <property name="java.vm.vendor" value="Oracle Corporation"/>
    <property name="sun.arch.data.model" value="64"/>
    <property name="user.variant" value=""/>
    <property name="java.vendor.url" value="https://openjdk.java.net/"/>
    <property name="user.timezone" value="Europe/Paris"/>
    <property name="java.vm.specification.version" value="11"/>
    <property name="os.name" value="Windows 10"/>
    <property name="sun.java.launcher" value="SUN_STANDARD"/>
    <property name="user.country" value="FR"/>
    <property name="sun.boot.library.path" value="C:\Program Files\Java\jdk-11.0.11\bin"/>
    <property name="sun.java.command" value="C:\Users\promo\AppData\Local\Temp\surefire11690978740855118342\surefirebooter2372405018317808761.jar C:\Users\promo\AppData\Local\Temp\surefire11690978740855118342 2021-06-04T10-15-04_013-jvmRun1 surefire13581635096293168594tmp surefire_23050444852025060649tmp"/>
    <property name="jdk.debug" value="release"/>
    <property name="surefire.test.class.path" value="C:\Users\promo\Desktop\Java\GestionEtablissement\GestionEtablissement\GestionEtablissement-dto\target\test-classes;C:\Users\promo\Desktop\Java\GestionEtablissement\GestionEtablissement\GestionEtablissement-dto\target\classes;C:\Users\promo\.m2\repository\junit\junit\4.11\junit-4.11.jar;C:\Users\promo\.m2\repository\org\hamcrest\hamcrest-core\1.3\hamcrest-core-1.3.jar;C:\Users\promo\Desktop\Java\GestionEtablissement\GestionEtablissement\GestionEtablissement-business\target\GestionEtablissement-business-1.0.jar;C:\Users\promo\.m2\repository\log4j\log4j\1.2.17\log4j-1.2.17.jar;C:\Users\promo\.m2\repository\mysql\mysql-connector-java\8.0.22\mysql-connector-java-8.0.22.jar;C:\Users\promo\.m2\repository\com\google\protobuf\protobuf-java\3.11.4\protobuf-java-3.11.4.jar;C:\Users\promo\.m2\repository\org\jfree\jfreechart\1.5.2\jfreechart-1.5.2.jar;"/>
    <property name="sun.cpu.endian" value="little"/>
    <property name="user.home" value="C:\Users\promo"/>
    <property name="user.language" value="fr"/>
    <property name="java.specification.vendor" value="Oracle Corporation"/>
    <property name="java.version.date" value="2021-04-20"/>
    <property name="java.home" value="C:\Program Files\Java\jdk-11.0.11"/>
    <property name="file.separator" value="\"/>
    <property name="basedir" value="C:\Users\promo\Desktop\Java\GestionEtablissement\GestionEtablissement\GestionEtablissement-dto"/>
    <property name="java.vm.compressedOopsMode" value="Zero based"/>
    <property name="line.separator" value="&#10;"/>
    <property name="java.specification.name" value="Java Platform API Specification"/>
    <property name="java.vm.specification.vendor" value="Oracle Corporation"/>
    <property name="java.awt.graphicsenv" value="sun.awt.Win32GraphicsEnvironment"/>
    <property name="surefire.real.class.path" value="C:\Users\promo\AppData\Local\Temp\surefire11690978740855118342\surefirebooter2372405018317808761.jar"/>
    <property name="user.script" value=""/>
    <property name="sun.management.compiler" value="HotSpot 64-Bit Tiered Compilers"/>
    <property name="java.runtime.version" value="11.0.11+9-LTS-194"/>
    <property name="user.name" value="promo"/>
    <property name="path.separator" value=";"/>
    <property name="os.version" value="10.0"/>
    <property name="java.runtime.name" value="Java(TM) SE Runtime Environment"/>
    <property name="file.encoding" value="Cp1252"/>
    <property name="java.vm.name" value="Java HotSpot(TM) 64-Bit Server VM"/>
    <property name="java.vendor.version" value="18.9"/>
    <property name="localRepository" value="C:\Users\promo\.m2\repository"/>
    <property name="java.vendor.url.bug" value="https://bugreport.java.com/bugreport/"/>
    <property name="java.io.tmpdir" value="C:\Users\promo\AppData\Local\Temp\"/>
    <property name="java.version" value="11.0.11"/>
    <property name="user.dir" value="C:\Users\promo\Desktop\Java\GestionEtablissement\GestionEtablissement\GestionEtablissement-dto"/>
    <property name="os.arch" value="amd64"/>
    <property name="java.vm.specification.name" value="Java Virtual Machine Specification"/>
    <property name="java.awt.printerjob" value="sun.awt.windows.WPrinterJob"/>
    <property name="sun.os.patch.level" value=""/>
    <property name="java.library.path" value="C:\Program Files\Java\jdk-11.0.11\bin;C:\Windows\Sun\Java\bin;C:\Windows\system32;C:\Windows;C:\Users\promo\Desktop\Java\apache-maven-3.8.1-bin\apache-maven-3.8.1/bin;C:\Program Files\Java\jdk-11.0.11/bin;C:\Program Files\Java\jdk-11.0.11/bin;C:\Windows\system32;C:\Windows;C:\Windows\System32\Wbem;C:\Windows\System32\WindowsPowerShell\v1.0\;C:\Windows\System32\OpenSSH\;C:\Program Files (x86)\NVIDIA Corporation\PhysX\Common;C:\Program Files\NVIDIA Corporation\NVIDIA NvDLISR;D:\Programs\Symfony;D:\Programs\Git\cmd;D:\Programs\nodejs\;C:\Program Files (x86)\Windows Live\Shared;C:\Program Files\Java\jdk-11.0.11\bin;C:\Users\promo\AppData\Local\Microsoft\WindowsApps;D:\Programs\Microsoft VS Code\bin;C:\wamp\bin\php\php7.4.0;C:\Users\promo\composer;C:\Users\promo\AppData\Roaming\Composer\vendor\bin;C:\Users\promo\AppData\Roaming\npm;D:\Program Files\JetBrains\IntelliJ IDEA Community Edition 2021.1\bin;;C:\Users\promo\Desktop\Java\apache-maven-3.8.1-bin\apache-maven-3.8.1\bin;C:\Users\promo\Desktop\Java\apache-maven-3.8.1-bin\apache-maven-3.8.1\bin;C:\Program Files\Java\jdk-11.0.11\bin;;."/>
    <property name="java.vendor" value="Oracle Corporation"/>
    <property name="java.vm.info" value="mixed mode"/>
    <property name="java.vm.version" value="11.0.11+9-LTS-194"/>
    <property name="sun.io.unicode.encoding" value="UnicodeLittle"/>
    <property name="java.class.version" value="55.0"/>
  </properties>
  <testcase name="shouldAnswerWithTrue" classname="eu.ensup.gestionetablissement.dto.AppTest" time="0.001"/>
</testsuite>